CRITICAL - 2026-02-19 08:48:38 --> ErrorException: Undefined variable $totalFamilies
[Method: GET, Route: viewgroup/1]
in APPPATH\Views\viewgroup.php on line 10.
 1 APPPATH\Views\viewgroup.php(10): CodeIgniter\Debug\Exceptions->errorHandler(2, 'Undefined variable $totalFamilies', 'C:\\xampp\\htdocs\\churchapp\\app\\Views\\viewgroup.php', 10)
 2 SYSTEMPATH\View\View.php(224): include('C:\\xampp\\htdocs\\churchapp\\app\\Views\\viewgroup.php')
 3 SYSTEMPATH\View\View.php(227): CodeIgniter\View\View->CodeIgniter\View\{closure}()
 4 SYSTEMPATH\Common.php(1173): CodeIgniter\View\View->render('viewgroup', [], true)
 5 APPPATH\Controllers\Home.php(196): view('viewgroup', [...])
 6 SYSTEMPATH\CodeIgniter.php(933): App\Controllers\Home->viewGroup('1')
 7 SYSTEMPATH\CodeIgniter.php(507): CodeIgniter\CodeIgniter->runController(Object(App\Controllers\Home))
 8 SYSTEMPATH\CodeIgniter.php(354): CodeIgniter\CodeIgniter->handleRequest(null, Object(Config\Cache), false)
 9 SYSTEMPATH\Boot.php(334): CodeIgniter\CodeIgniter->run()
10 SYSTEMPATH\Boot.php(67): CodeIgniter\Boot::runCodeIgniter(Object(CodeIgniter\CodeIgniter))
11 FCPATH\index.php(56): CodeIgniter\Boot::bootWeb(Object(Config\Paths))
CRITICAL - 2026-02-19 08:48:51 --> ErrorException: Undefined variable $totalFamilies
[Method: GET, Route: viewgroup/1]
in APPPATH\Views\viewgroup.php on line 10.
 1 APPPATH\Views\viewgroup.php(10): CodeIgniter\Debug\Exceptions->errorHandler(2, 'Undefined variable $totalFamilies', 'C:\\xampp\\htdocs\\churchapp\\app\\Views\\viewgroup.php', 10)
 2 SYSTEMPATH\View\View.php(224): include('C:\\xampp\\htdocs\\churchapp\\app\\Views\\viewgroup.php')
 3 SYSTEMPATH\View\View.php(227): CodeIgniter\View\View->CodeIgniter\View\{closure}()
 4 SYSTEMPATH\Common.php(1173): CodeIgniter\View\View->render('viewgroup', [], true)
 5 APPPATH\Controllers\Home.php(196): view('viewgroup', [...])
 6 SYSTEMPATH\CodeIgniter.php(933): App\Controllers\Home->viewGroup('1')
 7 SYSTEMPATH\CodeIgniter.php(507): CodeIgniter\CodeIgniter->runController(Object(App\Controllers\Home))
 8 SYSTEMPATH\CodeIgniter.php(354): CodeIgniter\CodeIgniter->handleRequest(null, Object(Config\Cache), false)
 9 SYSTEMPATH\Boot.php(334): CodeIgniter\CodeIgniter->run()
10 SYSTEMPATH\Boot.php(67): CodeIgniter\Boot::runCodeIgniter(Object(CodeIgniter\CodeIgniter))
11 FCPATH\index.php(56): CodeIgniter\Boot::bootWeb(Object(Config\Paths))
