CRITICAL - 2026-05-16 05:24:10 --> ErrorException: Undefined variable $group_id
[Method: GET, Route: groups]
in APPPATH\Views\group\layouts\list.php on line 155.
 1 APPPATH\Views\group\layouts\list.php(155): CodeIgniter\Debug\Exceptions->errorHandler(2, 'Undefined variable $group_id', 'C:\\xampp\\htdocs\\churchapp\\app\\Views\\group\\layouts\\list.php', 155)
 2 SYSTEMPATH\View\View.php(224): include('C:\\xampp\\htdocs\\churchapp\\app\\Views\\group\\layouts\\list.php')
 3 SYSTEMPATH\View\View.php(227): CodeIgniter\View\View->CodeIgniter\View\{closure}()
 4 SYSTEMPATH\View\View.php(475): CodeIgniter\View\View->render('group/layouts/list', null, true)
 5 APPPATH\Views\group\list.php(6): CodeIgniter\View\View->include('group/layouts/list')
 6 SYSTEMPATH\View\View.php(224): include('C:\\xampp\\htdocs\\churchapp\\app\\Views\\group\\list.php')
 7 SYSTEMPATH\View\View.php(227): CodeIgniter\View\View->CodeIgniter\View\{closure}()
 8 SYSTEMPATH\Common.php(1173): CodeIgniter\View\View->render('group/list', [], true)
 9 APPPATH\Controllers\FamilyController.php(1045): view('group/list', [...])
10 SYSTEMPATH\CodeIgniter.php(933): App\Controllers\FamilyController->groupList()
11 SYSTEMPATH\CodeIgniter.php(507): CodeIgniter\CodeIgniter->runController(Object(App\Controllers\FamilyController))
12 SYSTEMPATH\CodeIgniter.php(354): CodeIgniter\CodeIgniter->handleRequest(null, Object(Config\Cache), false)
13 SYSTEMPATH\Boot.php(334): CodeIgniter\CodeIgniter->run()
14 SYSTEMPATH\Boot.php(67): CodeIgniter\Boot::runCodeIgniter(Object(CodeIgniter\CodeIgniter))
15 FCPATH\index.php(56): CodeIgniter\Boot::bootWeb(Object(Config\Paths))
CRITICAL - 2026-05-16 05:27:23 --> ParseError: syntax error, unexpected token ";"
[Method: GET, Route: groups]
in APPPATH\Views\group\layouts\list.php on line 173.
 1 SYSTEMPATH\View\View.php(227): CodeIgniter\View\View->CodeIgniter\View\{closure}()
 2 SYSTEMPATH\View\View.php(475): CodeIgniter\View\View->render('group/layouts/list', null, true)
 3 APPPATH\Views\group\list.php(6): CodeIgniter\View\View->include('group/layouts/list')
 4 SYSTEMPATH\View\View.php(224): include('C:\\xampp\\htdocs\\churchapp\\app\\Views\\group\\list.php')
 5 SYSTEMPATH\View\View.php(227): CodeIgniter\View\View->CodeIgniter\View\{closure}()
 6 SYSTEMPATH\Common.php(1173): CodeIgniter\View\View->render('group/list', [], true)
 7 APPPATH\Controllers\FamilyController.php(1045): view('group/list', [...])
 8 SYSTEMPATH\CodeIgniter.php(933): App\Controllers\FamilyController->groupList()
 9 SYSTEMPATH\CodeIgniter.php(507): CodeIgniter\CodeIgniter->runController(Object(App\Controllers\FamilyController))
10 SYSTEMPATH\CodeIgniter.php(354): CodeIgniter\CodeIgniter->handleRequest(null, Object(Config\Cache), false)
11 SYSTEMPATH\Boot.php(334): CodeIgniter\CodeIgniter->run()
12 SYSTEMPATH\Boot.php(67): CodeIgniter\Boot::runCodeIgniter(Object(CodeIgniter\CodeIgniter))
13 FCPATH\index.php(56): CodeIgniter\Boot::bootWeb(Object(Config\Paths))
CRITICAL - 2026-05-16 05:33:54 --> CodeIgniter\Database\Exceptions\DataException: There is no data to update.
[Method: GET, Route: groups/approve/11]
in SYSTEMPATH\BaseModel.php on line 1010.
 1 SYSTEMPATH\BaseModel.php(1010): CodeIgniter\Database\Exceptions\DataException::forEmptyDataset('update')
 2 SYSTEMPATH\Model.php(863): CodeIgniter\BaseModel->update([...], [])
 3 APPPATH\Controllers\FamilyController.php(1252): CodeIgniter\Model->update('11', [...])
 4 SYSTEMPATH\CodeIgniter.php(933): App\Controllers\FamilyController->approveGroup('11')
 5 SYSTEMPATH\CodeIgniter.php(507): CodeIgniter\CodeIgniter->runController(Object(App\Controllers\FamilyController))
 6 SYSTEMPATH\CodeIgniter.php(354): CodeIgniter\CodeIgniter->handleRequest(null, Object(Config\Cache), false)
 7 SYSTEMPATH\Boot.php(334): CodeIgniter\CodeIgniter->run()
 8 SYSTEMPATH\Boot.php(67): CodeIgniter\Boot::runCodeIgniter(Object(CodeIgniter\CodeIgniter))
 9 FCPATH\index.php(56): CodeIgniter\Boot::bootWeb(Object(Config\Paths))
