CRITICAL - 2026-02-04 12:27:26 --> ErrorException: Cannot redeclare App\Models\UserModel::getUserByPhone()
[Method: POST, Route: userlogin]
in APPPATH\Models\UserModel.php on line 43.
 1 [internal function]: CodeIgniter\Debug\Exceptions->shutdownHandler()
CRITICAL - 2026-02-04 12:37:58 --> ErrorException: Array to string conversion
[Method: POST, Route: userlogin]
in APPPATH\Controllers\LoginController.php on line 48.
 1 APPPATH\Controllers\LoginController.php(48): CodeIgniter\Debug\Exceptions->errorHandler(2, 'Array to string conversion', 'C:\\xampp\\htdocs\\churchapp\\app\\Controllers\\LoginController.php', 48)
 2 SYSTEMPATH\CodeIgniter.php(933): App\Controllers\LoginController->login()
 3 SYSTEMPATH\CodeIgniter.php(507): CodeIgniter\CodeIgniter->runController(Object(App\Controllers\LoginController))
 4 SYSTEMPATH\CodeIgniter.php(354): CodeIgniter\CodeIgniter->handleRequest(null, Object(Config\Cache), false)
 5 SYSTEMPATH\Boot.php(334): CodeIgniter\CodeIgniter->run()
 6 SYSTEMPATH\Boot.php(67): CodeIgniter\Boot::runCodeIgniter(Object(CodeIgniter\CodeIgniter))
 7 FCPATH\index.php(56): CodeIgniter\Boot::bootWeb(Object(Config\Paths))
CRITICAL - 2026-02-04 16:56:12 --> ErrorException: Undefined variable $request
[Method: GET, Route: families]
in APPPATH\Views\family\layouts\list.php on line 104.
 1 APPPATH\Views\family\layouts\list.php(104): CodeIgniter\Debug\Exceptions->errorHandler(2, 'Undefined variable $request', 'C:\\xampp\\htdocs\\churchapp\\app\\Views\\family\\layouts\\list.php', 104)
 2 SYSTEMPATH\View\View.php(224): include('C:\\xampp\\htdocs\\churchapp\\app\\Views\\family\\layouts\\list.php')
 3 SYSTEMPATH\View\View.php(227): CodeIgniter\View\View->CodeIgniter\View\{closure}()
 4 SYSTEMPATH\View\View.php(475): CodeIgniter\View\View->render('family/layouts/list', null, true)
 5 APPPATH\Views\family\index.php(6): CodeIgniter\View\View->include('family/layouts/list')
 6 SYSTEMPATH\View\View.php(224): include('C:\\xampp\\htdocs\\churchapp\\app\\Views\\family\\index.php')
 7 SYSTEMPATH\View\View.php(227): CodeIgniter\View\View->CodeIgniter\View\{closure}()
 8 SYSTEMPATH\Common.php(1173): CodeIgniter\View\View->render('family/index', [], true)
 9 APPPATH\Controllers\FamilyController.php(121): view('family/index', [...])
10 SYSTEMPATH\CodeIgniter.php(933): App\Controllers\FamilyController->index()
11 SYSTEMPATH\CodeIgniter.php(507): CodeIgniter\CodeIgniter->runController(Object(App\Controllers\FamilyController))
12 SYSTEMPATH\CodeIgniter.php(354): CodeIgniter\CodeIgniter->handleRequest(null, Object(Config\Cache), false)
13 SYSTEMPATH\Boot.php(334): CodeIgniter\CodeIgniter->run()
14 SYSTEMPATH\Boot.php(67): CodeIgniter\Boot::runCodeIgniter(Object(CodeIgniter\CodeIgniter))
15 FCPATH\index.php(56): CodeIgniter\Boot::bootWeb(Object(Config\Paths))
CRITICAL - 2026-02-04 16:56:58 --> ErrorException: Undefined variable $menus
[Method: GET, Route: families]
in APPPATH\Views\common\menu_view.php on line 37.
 1 APPPATH\Views\common\menu_view.php(37): CodeIgniter\Debug\Exceptions->errorHandler(2, 'Undefined variable $menus', 'C:\\xampp\\htdocs\\churchapp\\app\\Views\\common\\menu_view.php', 37)
 2 SYSTEMPATH\View\View.php(224): include('C:\\xampp\\htdocs\\churchapp\\app\\Views\\common\\menu_view.php')
 3 SYSTEMPATH\View\View.php(227): CodeIgniter\View\View->CodeIgniter\View\{closure}()
 4 SYSTEMPATH\View\View.php(475): CodeIgniter\View\View->render('common/menu_view', null, true)
 5 APPPATH\Views\family\index.php(4): CodeIgniter\View\View->include('common/menu_view')
 6 SYSTEMPATH\View\View.php(224): include('C:\\xampp\\htdocs\\churchapp\\app\\Views\\family\\index.php')
 7 SYSTEMPATH\View\View.php(227): CodeIgniter\View\View->CodeIgniter\View\{closure}()
 8 SYSTEMPATH\Common.php(1173): CodeIgniter\View\View->render('family/index', [], true)
 9 APPPATH\Controllers\FamilyController.php(136): view('family/index', [...])
10 SYSTEMPATH\CodeIgniter.php(933): App\Controllers\FamilyController->index()
11 SYSTEMPATH\CodeIgniter.php(507): CodeIgniter\CodeIgniter->runController(Object(App\Controllers\FamilyController))
12 SYSTEMPATH\CodeIgniter.php(354): CodeIgniter\CodeIgniter->handleRequest(null, Object(Config\Cache), false)
13 SYSTEMPATH\Boot.php(334): CodeIgniter\CodeIgniter->run()
14 SYSTEMPATH\Boot.php(67): CodeIgniter\Boot::runCodeIgniter(Object(CodeIgniter\CodeIgniter))
15 FCPATH\index.php(56): CodeIgniter\Boot::bootWeb(Object(Config\Paths))
CRITICAL - 2026-02-04 17:21:55 --> CodeIgniter\View\Exceptions\ViewException: Invalid file: "emails/happy_birthday.php"
[Method: GET, Route: send-email]
in SYSTEMPATH\Exceptions\FrameworkException.php on line 39.
 1 SYSTEMPATH\View\View.php(212): CodeIgniter\Exceptions\FrameworkException::forInvalidFile('emails/happy_birthday.php')
 2 SYSTEMPATH\Common.php(1173): CodeIgniter\View\View->render('emails/happy_birthday', [], true)
 3 APPPATH\Controllers\FamilyController.php(600): view('emails/happy_birthday', [...])
 4 SYSTEMPATH\CodeIgniter.php(933): App\Controllers\FamilyController->sendEmail()
 5 SYSTEMPATH\CodeIgniter.php(507): CodeIgniter\CodeIgniter->runController(Object(App\Controllers\FamilyController))
 6 SYSTEMPATH\CodeIgniter.php(354): CodeIgniter\CodeIgniter->handleRequest(null, Object(Config\Cache), false)
 7 SYSTEMPATH\Boot.php(334): CodeIgniter\CodeIgniter->run()
 8 SYSTEMPATH\Boot.php(67): CodeIgniter\Boot::runCodeIgniter(Object(CodeIgniter\CodeIgniter))
 9 FCPATH\index.php(56): CodeIgniter\Boot::bootWeb(Object(Config\Paths))
CRITICAL - 2026-02-04 17:29:48 --> ErrorException: Undefined variable $memberModel
[Method: GET, Route: dashboard]
in APPPATH\Controllers\LoginController.php on line 114.
 1 APPPATH\Controllers\LoginController.php(114): CodeIgniter\Debug\Exceptions->errorHandler(2, 'Undefined variable $memberModel', 'C:\\xampp\\htdocs\\churchapp\\app\\Controllers\\LoginController.php', 114)
 2 SYSTEMPATH\CodeIgniter.php(933): App\Controllers\LoginController->dashboard()
 3 SYSTEMPATH\CodeIgniter.php(507): CodeIgniter\CodeIgniter->runController(Object(App\Controllers\LoginController))
 4 SYSTEMPATH\CodeIgniter.php(354): CodeIgniter\CodeIgniter->handleRequest(null, Object(Config\Cache), false)
 5 SYSTEMPATH\Boot.php(334): CodeIgniter\CodeIgniter->run()
 6 SYSTEMPATH\Boot.php(67): CodeIgniter\Boot::runCodeIgniter(Object(CodeIgniter\CodeIgniter))
 7 FCPATH\index.php(56): CodeIgniter\Boot::bootWeb(Object(Config\Paths))
ERROR - 2026-02-04 17:30:16 --> mysqli_sql_exception: Unknown column 'dob' in 'where clause' in C:\xampp\htdocs\churchapp\system\Database\MySQLi\Connection.php:327
Stack trace:
#0 C:\xampp\htdocs\churchapp\system\Database\MySQLi\Connection.php(327): mysqli->query('SELECT COUNT(*)...', 0)
#1 C:\xampp\htdocs\churchapp\system\Database\BaseConnection.php(738): CodeIgniter\Database\MySQLi\Connection->execute('SELECT COUNT(*)...')
#2 C:\xampp\htdocs\churchapp\system\Database\BaseConnection.php(652): CodeIgniter\Database\BaseConnection->simpleQuery('SELECT COUNT(*)...')
#3 C:\xampp\htdocs\churchapp\system\Database\BaseBuilder.php(1733): CodeIgniter\Database\BaseConnection->query('SELECT COUNT(*)...', Array, false)
#4 C:\xampp\htdocs\churchapp\system\Model.php(676): CodeIgniter\Database\BaseBuilder->countAllResults(true)
#5 C:\xampp\htdocs\churchapp\app\Controllers\LoginController.php(116): CodeIgniter\Model->countAllResults()
#6 C:\xampp\htdocs\churchapp\system\CodeIgniter.php(933): App\Controllers\LoginController->dashboard()
#7 C:\xampp\htdocs\churchapp\system\CodeIgniter.php(507): CodeIgniter\CodeIgniter->runController(Object(App\Controllers\LoginController))
#8 C:\xampp\htdocs\churchapp\system\CodeIgniter.php(354): CodeIgniter\CodeIgniter->handleRequest(NULL, Object(Config\Cache), false)
#9 C:\xampp\htdocs\churchapp\system\Boot.php(334): CodeIgniter\CodeIgniter->run()
#10 C:\xampp\htdocs\churchapp\system\Boot.php(67): CodeIgniter\Boot::runCodeIgniter(Object(CodeIgniter\CodeIgniter))
#11 C:\xampp\htdocs\churchapp\index.php(56): CodeIgniter\Boot::bootWeb(Object(Config\Paths))
#12 {main}
CRITICAL - 2026-02-04 17:30:16 --> CodeIgniter\Database\Exceptions\DatabaseException: Unknown column 'dob' in 'where clause'
[Method: GET, Route: dashboard]
in SYSTEMPATH\Database\BaseConnection.php on line 692.
 1 SYSTEMPATH\Database\BaseBuilder.php(1733): CodeIgniter\Database\BaseConnection->query('SELECT COUNT(*) AS `numrows`
FROM `family_members`
WHERE DATE_FORMAT(dob, \'%m-%d\') = :DATE_FORMAT(dob, \'%m-%d\'):', [...], false)
 2 SYSTEMPATH\Model.php(676): CodeIgniter\Database\BaseBuilder->countAllResults(true)
 3 APPPATH\Controllers\LoginController.php(116): CodeIgniter\Model->countAllResults()
 4 SYSTEMPATH\CodeIgniter.php(933): App\Controllers\LoginController->dashboard()
 5 SYSTEMPATH\CodeIgniter.php(507): CodeIgniter\CodeIgniter->runController(Object(App\Controllers\LoginController))
 6 SYSTEMPATH\CodeIgniter.php(354): CodeIgniter\CodeIgniter->handleRequest(null, Object(Config\Cache), false)
 7 SYSTEMPATH\Boot.php(334): CodeIgniter\CodeIgniter->run()
 8 SYSTEMPATH\Boot.php(67): CodeIgniter\Boot::runCodeIgniter(Object(CodeIgniter\CodeIgniter))
 9 FCPATH\index.php(56): CodeIgniter\Boot::bootWeb(Object(Config\Paths))
CRITICAL - 2026-02-04 17:30:16 --> [Caused by] CodeIgniter\Database\Exceptions\DatabaseException: Unknown column 'dob' in 'where clause'
in SYSTEMPATH\Database\MySQLi\Connection.php on line 332.
 1 SYSTEMPATH\Database\BaseConnection.php(738): CodeIgniter\Database\MySQLi\Connection->execute('SELECT COUNT(*) AS `numrows`
FROM `family_members`
WHERE DATE_FORMAT(dob, \'%m-%d\') = \'02-04\'')
 2 SYSTEMPATH\Database\BaseConnection.php(652): CodeIgniter\Database\BaseConnection->simpleQuery('SELECT COUNT(*) AS `numrows`
FROM `family_members`
WHERE DATE_FORMAT(dob, \'%m-%d\') = \'02-04\'')
 3 SYSTEMPATH\Database\BaseBuilder.php(1733): CodeIgniter\Database\BaseConnection->query('SELECT COUNT(*) AS `numrows`
FROM `family_members`
WHERE DATE_FORMAT(dob, \'%m-%d\') = :DATE_FORMAT(dob, \'%m-%d\'):', [...], false)
 4 SYSTEMPATH\Model.php(676): CodeIgniter\Database\BaseBuilder->countAllResults(true)
 5 APPPATH\Controllers\LoginController.php(116): CodeIgniter\Model->countAllResults()
 6 SYSTEMPATH\CodeIgniter.php(933): App\Controllers\LoginController->dashboard()
 7 SYSTEMPATH\CodeIgniter.php(507): CodeIgniter\CodeIgniter->runController(Object(App\Controllers\LoginController))
 8 SYSTEMPATH\CodeIgniter.php(354): CodeIgniter\CodeIgniter->handleRequest(null, Object(Config\Cache), false)
 9 SYSTEMPATH\Boot.php(334): CodeIgniter\CodeIgniter->run()
10 SYSTEMPATH\Boot.php(67): CodeIgniter\Boot::runCodeIgniter(Object(CodeIgniter\CodeIgniter))
11 FCPATH\index.php(56): CodeIgniter\Boot::bootWeb(Object(Config\Paths))
CRITICAL - 2026-02-04 17:30:16 --> [Caused by] mysqli_sql_exception: Unknown column 'dob' in 'where clause'
in SYSTEMPATH\Database\MySQLi\Connection.php on line 327.
 1 SYSTEMPATH\Database\MySQLi\Connection.php(327): mysqli->query('SELECT COUNT(*) AS `numrows`
FROM `family_members`
WHERE DATE_FORMAT(dob, \'%m-%d\') = \'02-04\'', 0)
 2 SYSTEMPATH\Database\BaseConnection.php(738): CodeIgniter\Database\MySQLi\Connection->execute('SELECT COUNT(*) AS `numrows`
FROM `family_members`
WHERE DATE_FORMAT(dob, \'%m-%d\') = \'02-04\'')
 3 SYSTEMPATH\Database\BaseConnection.php(652): CodeIgniter\Database\BaseConnection->simpleQuery('SELECT COUNT(*) AS `numrows`
FROM `family_members`
WHERE DATE_FORMAT(dob, \'%m-%d\') = \'02-04\'')
 4 SYSTEMPATH\Database\BaseBuilder.php(1733): CodeIgniter\Database\BaseConnection->query('SELECT COUNT(*) AS `numrows`
FROM `family_members`
WHERE DATE_FORMAT(dob, \'%m-%d\') = :DATE_FORMAT(dob, \'%m-%d\'):', [...], false)
 5 SYSTEMPATH\Model.php(676): CodeIgniter\Database\BaseBuilder->countAllResults(true)
 6 APPPATH\Controllers\LoginController.php(116): CodeIgniter\Model->countAllResults()
 7 SYSTEMPATH\CodeIgniter.php(933): App\Controllers\LoginController->dashboard()
 8 SYSTEMPATH\CodeIgniter.php(507): CodeIgniter\CodeIgniter->runController(Object(App\Controllers\LoginController))
 9 SYSTEMPATH\CodeIgniter.php(354): CodeIgniter\CodeIgniter->handleRequest(null, Object(Config\Cache), false)
10 SYSTEMPATH\Boot.php(334): CodeIgniter\CodeIgniter->run()
11 SYSTEMPATH\Boot.php(67): CodeIgniter\Boot::runCodeIgniter(Object(CodeIgniter\CodeIgniter))
12 FCPATH\index.php(56): CodeIgniter\Boot::bootWeb(Object(Config\Paths))
ERROR - 2026-02-04 17:39:25 --> mysqli_sql_exception: Unknown column 'dob' in 'where clause' in C:\xampp\htdocs\churchapp\system\Database\MySQLi\Connection.php:327
Stack trace:
#0 C:\xampp\htdocs\churchapp\system\Database\MySQLi\Connection.php(327): mysqli->query('SELECT *\nFROM `...', 0)
#1 C:\xampp\htdocs\churchapp\system\Database\BaseConnection.php(738): CodeIgniter\Database\MySQLi\Connection->execute('SELECT *\nFROM `...')
#2 C:\xampp\htdocs\churchapp\system\Database\BaseConnection.php(652): CodeIgniter\Database\BaseConnection->simpleQuery('SELECT *\nFROM `...')
#3 C:\xampp\htdocs\churchapp\system\Database\BaseBuilder.php(1649): CodeIgniter\Database\BaseConnection->query('SELECT *\nFROM `...', Array, false)
#4 C:\xampp\htdocs\churchapp\system\Model.php(286): CodeIgniter\Database\BaseBuilder->get()
#5 C:\xampp\htdocs\churchapp\system\BaseModel.php(675): CodeIgniter\Model->doFindAll(0, 0)
#6 C:\xampp\htdocs\churchapp\app\Controllers\FamilyController.php(602): CodeIgniter\BaseModel->findAll()
#7 C:\xampp\htdocs\churchapp\system\CodeIgniter.php(933): App\Controllers\FamilyController->sendEmail()
#8 C:\xampp\htdocs\churchapp\system\CodeIgniter.php(507): CodeIgniter\CodeIgniter->runController(Object(App\Controllers\FamilyController))
#9 C:\xampp\htdocs\churchapp\system\CodeIgniter.php(354): CodeIgniter\CodeIgniter->handleRequest(NULL, Object(Config\Cache), false)
#10 C:\xampp\htdocs\churchapp\system\Boot.php(334): CodeIgniter\CodeIgniter->run()
#11 C:\xampp\htdocs\churchapp\system\Boot.php(67): CodeIgniter\Boot::runCodeIgniter(Object(CodeIgniter\CodeIgniter))
#12 C:\xampp\htdocs\churchapp\index.php(56): CodeIgniter\Boot::bootWeb(Object(Config\Paths))
#13 {main}
CRITICAL - 2026-02-04 17:39:25 --> CodeIgniter\Database\Exceptions\DatabaseException: Unknown column 'dob' in 'where clause'
[Method: GET, Route: send-email]
in SYSTEMPATH\Database\BaseConnection.php on line 692.
 1 SYSTEMPATH\Database\BaseBuilder.php(1649): CodeIgniter\Database\BaseConnection->query('SELECT *
FROM `family_members`
WHERE DATE_FORMAT(dob, \'%m-%d\') = :DATE_FORMAT(dob, \'%m-%d\'):', [...], false)
 2 SYSTEMPATH\Model.php(286): CodeIgniter\Database\BaseBuilder->get()
 3 SYSTEMPATH\BaseModel.php(675): CodeIgniter\Model->doFindAll(0, 0)
 4 APPPATH\Controllers\FamilyController.php(602): CodeIgniter\BaseModel->findAll()
 5 SYSTEMPATH\CodeIgniter.php(933): App\Controllers\FamilyController->sendEmail()
 6 SYSTEMPATH\CodeIgniter.php(507): CodeIgniter\CodeIgniter->runController(Object(App\Controllers\FamilyController))
 7 SYSTEMPATH\CodeIgniter.php(354): CodeIgniter\CodeIgniter->handleRequest(null, Object(Config\Cache), false)
 8 SYSTEMPATH\Boot.php(334): CodeIgniter\CodeIgniter->run()
 9 SYSTEMPATH\Boot.php(67): CodeIgniter\Boot::runCodeIgniter(Object(CodeIgniter\CodeIgniter))
10 FCPATH\index.php(56): CodeIgniter\Boot::bootWeb(Object(Config\Paths))
CRITICAL - 2026-02-04 17:39:25 --> [Caused by] CodeIgniter\Database\Exceptions\DatabaseException: Unknown column 'dob' in 'where clause'
in SYSTEMPATH\Database\MySQLi\Connection.php on line 332.
 1 SYSTEMPATH\Database\BaseConnection.php(738): CodeIgniter\Database\MySQLi\Connection->execute('SELECT *
FROM `family_members`
WHERE DATE_FORMAT(dob, \'%m-%d\') = \'02-04\'')
 2 SYSTEMPATH\Database\BaseConnection.php(652): CodeIgniter\Database\BaseConnection->simpleQuery('SELECT *
FROM `family_members`
WHERE DATE_FORMAT(dob, \'%m-%d\') = \'02-04\'')
 3 SYSTEMPATH\Database\BaseBuilder.php(1649): CodeIgniter\Database\BaseConnection->query('SELECT *
FROM `family_members`
WHERE DATE_FORMAT(dob, \'%m-%d\') = :DATE_FORMAT(dob, \'%m-%d\'):', [...], false)
 4 SYSTEMPATH\Model.php(286): CodeIgniter\Database\BaseBuilder->get()
 5 SYSTEMPATH\BaseModel.php(675): CodeIgniter\Model->doFindAll(0, 0)
 6 APPPATH\Controllers\FamilyController.php(602): CodeIgniter\BaseModel->findAll()
 7 SYSTEMPATH\CodeIgniter.php(933): App\Controllers\FamilyController->sendEmail()
 8 SYSTEMPATH\CodeIgniter.php(507): CodeIgniter\CodeIgniter->runController(Object(App\Controllers\FamilyController))
 9 SYSTEMPATH\CodeIgniter.php(354): CodeIgniter\CodeIgniter->handleRequest(null, Object(Config\Cache), false)
10 SYSTEMPATH\Boot.php(334): CodeIgniter\CodeIgniter->run()
11 SYSTEMPATH\Boot.php(67): CodeIgniter\Boot::runCodeIgniter(Object(CodeIgniter\CodeIgniter))
12 FCPATH\index.php(56): CodeIgniter\Boot::bootWeb(Object(Config\Paths))
CRITICAL - 2026-02-04 17:39:25 --> [Caused by] mysqli_sql_exception: Unknown column 'dob' in 'where clause'
in SYSTEMPATH\Database\MySQLi\Connection.php on line 327.
 1 SYSTEMPATH\Database\MySQLi\Connection.php(327): mysqli->query('SELECT *
FROM `family_members`
WHERE DATE_FORMAT(dob, \'%m-%d\') = \'02-04\'', 0)
 2 SYSTEMPATH\Database\BaseConnection.php(738): CodeIgniter\Database\MySQLi\Connection->execute('SELECT *
FROM `family_members`
WHERE DATE_FORMAT(dob, \'%m-%d\') = \'02-04\'')
 3 SYSTEMPATH\Database\BaseConnection.php(652): CodeIgniter\Database\BaseConnection->simpleQuery('SELECT *
FROM `family_members`
WHERE DATE_FORMAT(dob, \'%m-%d\') = \'02-04\'')
 4 SYSTEMPATH\Database\BaseBuilder.php(1649): CodeIgniter\Database\BaseConnection->query('SELECT *
FROM `family_members`
WHERE DATE_FORMAT(dob, \'%m-%d\') = :DATE_FORMAT(dob, \'%m-%d\'):', [...], false)
 5 SYSTEMPATH\Model.php(286): CodeIgniter\Database\BaseBuilder->get()
 6 SYSTEMPATH\BaseModel.php(675): CodeIgniter\Model->doFindAll(0, 0)
 7 APPPATH\Controllers\FamilyController.php(602): CodeIgniter\BaseModel->findAll()
 8 SYSTEMPATH\CodeIgniter.php(933): App\Controllers\FamilyController->sendEmail()
 9 SYSTEMPATH\CodeIgniter.php(507): CodeIgniter\CodeIgniter->runController(Object(App\Controllers\FamilyController))
10 SYSTEMPATH\CodeIgniter.php(354): CodeIgniter\CodeIgniter->handleRequest(null, Object(Config\Cache), false)
11 SYSTEMPATH\Boot.php(334): CodeIgniter\CodeIgniter->run()
12 SYSTEMPATH\Boot.php(67): CodeIgniter\Boot::runCodeIgniter(Object(CodeIgniter\CodeIgniter))
13 FCPATH\index.php(56): CodeIgniter\Boot::bootWeb(Object(Config\Paths))
ERROR - 2026-02-04 17:42:46 --> mysqli_sql_exception: Unknown column 'dob' in 'where clause' in C:\xampp\htdocs\churchapp\system\Database\MySQLi\Connection.php:327
Stack trace:
#0 C:\xampp\htdocs\churchapp\system\Database\MySQLi\Connection.php(327): mysqli->query('SELECT *\nFROM `...', 0)
#1 C:\xampp\htdocs\churchapp\system\Database\BaseConnection.php(738): CodeIgniter\Database\MySQLi\Connection->execute('SELECT *\nFROM `...')
#2 C:\xampp\htdocs\churchapp\system\Database\BaseConnection.php(652): CodeIgniter\Database\BaseConnection->simpleQuery('SELECT *\nFROM `...')
#3 C:\xampp\htdocs\churchapp\system\Database\BaseBuilder.php(1649): CodeIgniter\Database\BaseConnection->query('SELECT *\nFROM `...', Array, false)
#4 C:\xampp\htdocs\churchapp\system\Model.php(286): CodeIgniter\Database\BaseBuilder->get()
#5 C:\xampp\htdocs\churchapp\system\BaseModel.php(675): CodeIgniter\Model->doFindAll(0, 0)
#6 C:\xampp\htdocs\churchapp\app\Controllers\FamilyController.php(602): CodeIgniter\BaseModel->findAll()
#7 C:\xampp\htdocs\churchapp\system\CodeIgniter.php(933): App\Controllers\FamilyController->sendEmail()
#8 C:\xampp\htdocs\churchapp\system\CodeIgniter.php(507): CodeIgniter\CodeIgniter->runController(Object(App\Controllers\FamilyController))
#9 C:\xampp\htdocs\churchapp\system\CodeIgniter.php(354): CodeIgniter\CodeIgniter->handleRequest(NULL, Object(Config\Cache), false)
#10 C:\xampp\htdocs\churchapp\system\Boot.php(334): CodeIgniter\CodeIgniter->run()
#11 C:\xampp\htdocs\churchapp\system\Boot.php(67): CodeIgniter\Boot::runCodeIgniter(Object(CodeIgniter\CodeIgniter))
#12 C:\xampp\htdocs\churchapp\index.php(56): CodeIgniter\Boot::bootWeb(Object(Config\Paths))
#13 {main}
CRITICAL - 2026-02-04 17:42:46 --> CodeIgniter\Database\Exceptions\DatabaseException: Unknown column 'dob' in 'where clause'
[Method: GET, Route: send-email]
in SYSTEMPATH\Database\BaseConnection.php on line 692.
 1 SYSTEMPATH\Database\BaseBuilder.php(1649): CodeIgniter\Database\BaseConnection->query('SELECT *
FROM `family_members`
WHERE DATE_FORMAT(dob, \'%m-%d\') = :DATE_FORMAT(dob, \'%m-%d\'):', [...], false)
 2 SYSTEMPATH\Model.php(286): CodeIgniter\Database\BaseBuilder->get()
 3 SYSTEMPATH\BaseModel.php(675): CodeIgniter\Model->doFindAll(0, 0)
 4 APPPATH\Controllers\FamilyController.php(602): CodeIgniter\BaseModel->findAll()
 5 SYSTEMPATH\CodeIgniter.php(933): App\Controllers\FamilyController->sendEmail()
 6 SYSTEMPATH\CodeIgniter.php(507): CodeIgniter\CodeIgniter->runController(Object(App\Controllers\FamilyController))
 7 SYSTEMPATH\CodeIgniter.php(354): CodeIgniter\CodeIgniter->handleRequest(null, Object(Config\Cache), false)
 8 SYSTEMPATH\Boot.php(334): CodeIgniter\CodeIgniter->run()
 9 SYSTEMPATH\Boot.php(67): CodeIgniter\Boot::runCodeIgniter(Object(CodeIgniter\CodeIgniter))
10 FCPATH\index.php(56): CodeIgniter\Boot::bootWeb(Object(Config\Paths))
CRITICAL - 2026-02-04 17:42:46 --> [Caused by] CodeIgniter\Database\Exceptions\DatabaseException: Unknown column 'dob' in 'where clause'
in SYSTEMPATH\Database\MySQLi\Connection.php on line 332.
 1 SYSTEMPATH\Database\BaseConnection.php(738): CodeIgniter\Database\MySQLi\Connection->execute('SELECT *
FROM `family_members`
WHERE DATE_FORMAT(dob, \'%m-%d\') = \'02-04\'')
 2 SYSTEMPATH\Database\BaseConnection.php(652): CodeIgniter\Database\BaseConnection->simpleQuery('SELECT *
FROM `family_members`
WHERE DATE_FORMAT(dob, \'%m-%d\') = \'02-04\'')
 3 SYSTEMPATH\Database\BaseBuilder.php(1649): CodeIgniter\Database\BaseConnection->query('SELECT *
FROM `family_members`
WHERE DATE_FORMAT(dob, \'%m-%d\') = :DATE_FORMAT(dob, \'%m-%d\'):', [...], false)
 4 SYSTEMPATH\Model.php(286): CodeIgniter\Database\BaseBuilder->get()
 5 SYSTEMPATH\BaseModel.php(675): CodeIgniter\Model->doFindAll(0, 0)
 6 APPPATH\Controllers\FamilyController.php(602): CodeIgniter\BaseModel->findAll()
 7 SYSTEMPATH\CodeIgniter.php(933): App\Controllers\FamilyController->sendEmail()
 8 SYSTEMPATH\CodeIgniter.php(507): CodeIgniter\CodeIgniter->runController(Object(App\Controllers\FamilyController))
 9 SYSTEMPATH\CodeIgniter.php(354): CodeIgniter\CodeIgniter->handleRequest(null, Object(Config\Cache), false)
10 SYSTEMPATH\Boot.php(334): CodeIgniter\CodeIgniter->run()
11 SYSTEMPATH\Boot.php(67): CodeIgniter\Boot::runCodeIgniter(Object(CodeIgniter\CodeIgniter))
12 FCPATH\index.php(56): CodeIgniter\Boot::bootWeb(Object(Config\Paths))
CRITICAL - 2026-02-04 17:42:46 --> [Caused by] mysqli_sql_exception: Unknown column 'dob' in 'where clause'
in SYSTEMPATH\Database\MySQLi\Connection.php on line 327.
 1 SYSTEMPATH\Database\MySQLi\Connection.php(327): mysqli->query('SELECT *
FROM `family_members`
WHERE DATE_FORMAT(dob, \'%m-%d\') = \'02-04\'', 0)
 2 SYSTEMPATH\Database\BaseConnection.php(738): CodeIgniter\Database\MySQLi\Connection->execute('SELECT *
FROM `family_members`
WHERE DATE_FORMAT(dob, \'%m-%d\') = \'02-04\'')
 3 SYSTEMPATH\Database\BaseConnection.php(652): CodeIgniter\Database\BaseConnection->simpleQuery('SELECT *
FROM `family_members`
WHERE DATE_FORMAT(dob, \'%m-%d\') = \'02-04\'')
 4 SYSTEMPATH\Database\BaseBuilder.php(1649): CodeIgniter\Database\BaseConnection->query('SELECT *
FROM `family_members`
WHERE DATE_FORMAT(dob, \'%m-%d\') = :DATE_FORMAT(dob, \'%m-%d\'):', [...], false)
 5 SYSTEMPATH\Model.php(286): CodeIgniter\Database\BaseBuilder->get()
 6 SYSTEMPATH\BaseModel.php(675): CodeIgniter\Model->doFindAll(0, 0)
 7 APPPATH\Controllers\FamilyController.php(602): CodeIgniter\BaseModel->findAll()
 8 SYSTEMPATH\CodeIgniter.php(933): App\Controllers\FamilyController->sendEmail()
 9 SYSTEMPATH\CodeIgniter.php(507): CodeIgniter\CodeIgniter->runController(Object(App\Controllers\FamilyController))
10 SYSTEMPATH\CodeIgniter.php(354): CodeIgniter\CodeIgniter->handleRequest(null, Object(Config\Cache), false)
11 SYSTEMPATH\Boot.php(334): CodeIgniter\CodeIgniter->run()
12 SYSTEMPATH\Boot.php(67): CodeIgniter\Boot::runCodeIgniter(Object(CodeIgniter\CodeIgniter))
13 FCPATH\index.php(56): CodeIgniter\Boot::bootWeb(Object(Config\Paths))
CRITICAL - 2026-02-04 17:43:13 --> ErrorException: Undefined array key "name"
[Method: GET, Route: send-email]
in APPPATH\Controllers\FamilyController.php on line 616.
 1 APPPATH\Controllers\FamilyController.php(616): CodeIgniter\Debug\Exceptions->errorHandler(2, 'Undefined array key "name"', 'C:\\xampp\\htdocs\\churchapp\\app\\Controllers\\FamilyController.php', 616)
 2 SYSTEMPATH\CodeIgniter.php(933): App\Controllers\FamilyController->sendEmail()
 3 SYSTEMPATH\CodeIgniter.php(507): CodeIgniter\CodeIgniter->runController(Object(App\Controllers\FamilyController))
 4 SYSTEMPATH\CodeIgniter.php(354): CodeIgniter\CodeIgniter->handleRequest(null, Object(Config\Cache), false)
 5 SYSTEMPATH\Boot.php(334): CodeIgniter\CodeIgniter->run()
 6 SYSTEMPATH\Boot.php(67): CodeIgniter\Boot::runCodeIgniter(Object(CodeIgniter\CodeIgniter))
 7 FCPATH\index.php(56): CodeIgniter\Boot::bootWeb(Object(Config\Paths))
CRITICAL - 2026-02-04 17:43:36 --> CodeIgniter\View\Exceptions\ViewException: Invalid file: "emails/family_birthday.php"
[Method: GET, Route: send-email]
in SYSTEMPATH\Exceptions\FrameworkException.php on line 39.
 1 SYSTEMPATH\View\View.php(212): CodeIgniter\Exceptions\FrameworkException::forInvalidFile('emails/family_birthday.php')
 2 SYSTEMPATH\Common.php(1173): CodeIgniter\View\View->render('emails/family_birthday', [], true)
 3 APPPATH\Controllers\FamilyController.php(631): view('emails/family_birthday', [...])
 4 SYSTEMPATH\CodeIgniter.php(933): App\Controllers\FamilyController->sendEmail()
 5 SYSTEMPATH\CodeIgniter.php(507): CodeIgniter\CodeIgniter->runController(Object(App\Controllers\FamilyController))
 6 SYSTEMPATH\CodeIgniter.php(354): CodeIgniter\CodeIgniter->handleRequest(null, Object(Config\Cache), false)
 7 SYSTEMPATH\Boot.php(334): CodeIgniter\CodeIgniter->run()
 8 SYSTEMPATH\Boot.php(67): CodeIgniter\Boot::runCodeIgniter(Object(CodeIgniter\CodeIgniter))
 9 FCPATH\index.php(56): CodeIgniter\Boot::bootWeb(Object(Config\Paths))
CRITICAL - 2026-02-04 17:43:59 --> ErrorException: Undefined variable $name
[Method: GET, Route: send-email]
in APPPATH\Views\emails\family_notification.php on line 13.
 1 APPPATH\Views\emails\family_notification.php(13): CodeIgniter\Debug\Exceptions->errorHandler(2, 'Undefined variable $name', 'C:\\xampp\\htdocs\\churchapp\\app\\Views\\emails\\family_notification.php', 13)
 2 SYSTEMPATH\View\View.php(224): include('C:\\xampp\\htdocs\\churchapp\\app\\Views\\emails\\family_notification.php')
 3 SYSTEMPATH\View\View.php(227): CodeIgniter\View\View->CodeIgniter\View\{closure}()
 4 SYSTEMPATH\Common.php(1173): CodeIgniter\View\View->render('emails/family_notification.php', [], true)
 5 APPPATH\Controllers\FamilyController.php(631): view('emails/family_notification.php', [...])
 6 SYSTEMPATH\CodeIgniter.php(933): App\Controllers\FamilyController->sendEmail()
 7 SYSTEMPATH\CodeIgniter.php(507): CodeIgniter\CodeIgniter->runController(Object(App\Controllers\FamilyController))
 8 SYSTEMPATH\CodeIgniter.php(354): CodeIgniter\CodeIgniter->handleRequest(null, Object(Config\Cache), false)
 9 SYSTEMPATH\Boot.php(334): CodeIgniter\CodeIgniter->run()
10 SYSTEMPATH\Boot.php(67): CodeIgniter\Boot::runCodeIgniter(Object(CodeIgniter\CodeIgniter))
11 FCPATH\index.php(56): CodeIgniter\Boot::bootWeb(Object(Config\Paths))
CRITICAL - 2026-02-04 17:44:18 --> ErrorException: Undefined array key "email"
[Method: GET, Route: send-email]
in APPPATH\Controllers\FamilyController.php on line 636.
 1 APPPATH\Controllers\FamilyController.php(636): CodeIgniter\Debug\Exceptions->errorHandler(2, 'Undefined array key "email"', 'C:\\xampp\\htdocs\\churchapp\\app\\Controllers\\FamilyController.php', 636)
 2 SYSTEMPATH\CodeIgniter.php(933): App\Controllers\FamilyController->sendEmail()
 3 SYSTEMPATH\CodeIgniter.php(507): CodeIgniter\CodeIgniter->runController(Object(App\Controllers\FamilyController))
 4 SYSTEMPATH\CodeIgniter.php(354): CodeIgniter\CodeIgniter->handleRequest(null, Object(Config\Cache), false)
 5 SYSTEMPATH\Boot.php(334): CodeIgniter\CodeIgniter->run()
 6 SYSTEMPATH\Boot.php(67): CodeIgniter\Boot::runCodeIgniter(Object(CodeIgniter\CodeIgniter))
 7 FCPATH\index.php(56): CodeIgniter\Boot::bootWeb(Object(Config\Paths))
