CRITICAL - 2026-03-14 05:26:32 --> ErrorException: Undefined array key "baptism_date"
[Method: GET, Route: family/edit/45]
in APPPATH\Views\family\layouts\edit.php on line 168.
 1 APPPATH\Views\family\layouts\edit.php(168): CodeIgniter\Debug\Exceptions->errorHandler(2, 'Undefined array key "baptism_date"', 'C:\\xampp\\htdocs\\churchapp\\app\\Views\\family\\layouts\\edit.php', 168)
 2 SYSTEMPATH\View\View.php(224): include('C:\\xampp\\htdocs\\churchapp\\app\\Views\\family\\layouts\\edit.php')
 3 SYSTEMPATH\View\View.php(227): CodeIgniter\View\View->CodeIgniter\View\{closure}()
 4 SYSTEMPATH\View\View.php(475): CodeIgniter\View\View->render('family/layouts/edit', null, true)
 5 APPPATH\Views\family\edit.php(6): CodeIgniter\View\View->include('family/layouts/edit')
 6 SYSTEMPATH\View\View.php(224): include('C:\\xampp\\htdocs\\churchapp\\app\\Views\\family\\edit.php')
 7 SYSTEMPATH\View\View.php(227): CodeIgniter\View\View->CodeIgniter\View\{closure}()
 8 SYSTEMPATH\Common.php(1173): CodeIgniter\View\View->render('family/edit', [], true)
 9 APPPATH\Controllers\FamilyController.php(327): view('family/edit', [...])
10 SYSTEMPATH\CodeIgniter.php(933): App\Controllers\FamilyController->edit('45')
11 SYSTEMPATH\CodeIgniter.php(507): CodeIgniter\CodeIgniter->runController(Object(App\Controllers\FamilyController))
12 SYSTEMPATH\CodeIgniter.php(354): CodeIgniter\CodeIgniter->handleRequest(null, Object(Config\Cache), false)
13 SYSTEMPATH\Boot.php(334): CodeIgniter\CodeIgniter->run()
14 SYSTEMPATH\Boot.php(67): CodeIgniter\Boot::runCodeIgniter(Object(CodeIgniter\CodeIgniter))
15 FCPATH\index.php(56): CodeIgniter\Boot::bootWeb(Object(Config\Paths))
CRITICAL - 2026-03-14 05:26:47 --> ErrorException: Undefined array key "baptism_date"
[Method: GET, Route: family/edit/45]
in APPPATH\Views\family\layouts\edit.php on line 168.
 1 APPPATH\Views\family\layouts\edit.php(168): CodeIgniter\Debug\Exceptions->errorHandler(2, 'Undefined array key "baptism_date"', 'C:\\xampp\\htdocs\\churchapp\\app\\Views\\family\\layouts\\edit.php', 168)
 2 SYSTEMPATH\View\View.php(224): include('C:\\xampp\\htdocs\\churchapp\\app\\Views\\family\\layouts\\edit.php')
 3 SYSTEMPATH\View\View.php(227): CodeIgniter\View\View->CodeIgniter\View\{closure}()
 4 SYSTEMPATH\View\View.php(475): CodeIgniter\View\View->render('family/layouts/edit', null, true)
 5 APPPATH\Views\family\edit.php(6): CodeIgniter\View\View->include('family/layouts/edit')
 6 SYSTEMPATH\View\View.php(224): include('C:\\xampp\\htdocs\\churchapp\\app\\Views\\family\\edit.php')
 7 SYSTEMPATH\View\View.php(227): CodeIgniter\View\View->CodeIgniter\View\{closure}()
 8 SYSTEMPATH\Common.php(1173): CodeIgniter\View\View->render('family/edit', [], true)
 9 APPPATH\Controllers\FamilyController.php(327): view('family/edit', [...])
10 SYSTEMPATH\CodeIgniter.php(933): App\Controllers\FamilyController->edit('45')
11 SYSTEMPATH\CodeIgniter.php(507): CodeIgniter\CodeIgniter->runController(Object(App\Controllers\FamilyController))
12 SYSTEMPATH\CodeIgniter.php(354): CodeIgniter\CodeIgniter->handleRequest(null, Object(Config\Cache), false)
13 SYSTEMPATH\Boot.php(334): CodeIgniter\CodeIgniter->run()
14 SYSTEMPATH\Boot.php(67): CodeIgniter\Boot::runCodeIgniter(Object(CodeIgniter\CodeIgniter))
15 FCPATH\index.php(56): CodeIgniter\Boot::bootWeb(Object(Config\Paths))
CRITICAL - 2026-03-14 05:26:57 --> ErrorException: Undefined array key "baptism_date"
[Method: GET, Route: family/edit/45]
in APPPATH\Views\family\layouts\edit.php on line 168.
 1 APPPATH\Views\family\layouts\edit.php(168): CodeIgniter\Debug\Exceptions->errorHandler(2, 'Undefined array key "baptism_date"', 'C:\\xampp\\htdocs\\churchapp\\app\\Views\\family\\layouts\\edit.php', 168)
 2 SYSTEMPATH\View\View.php(224): include('C:\\xampp\\htdocs\\churchapp\\app\\Views\\family\\layouts\\edit.php')
 3 SYSTEMPATH\View\View.php(227): CodeIgniter\View\View->CodeIgniter\View\{closure}()
 4 SYSTEMPATH\View\View.php(475): CodeIgniter\View\View->render('family/layouts/edit', null, true)
 5 APPPATH\Views\family\edit.php(6): CodeIgniter\View\View->include('family/layouts/edit')
 6 SYSTEMPATH\View\View.php(224): include('C:\\xampp\\htdocs\\churchapp\\app\\Views\\family\\edit.php')
 7 SYSTEMPATH\View\View.php(227): CodeIgniter\View\View->CodeIgniter\View\{closure}()
 8 SYSTEMPATH\Common.php(1173): CodeIgniter\View\View->render('family/edit', [], true)
 9 APPPATH\Controllers\FamilyController.php(327): view('family/edit', [...])
10 SYSTEMPATH\CodeIgniter.php(933): App\Controllers\FamilyController->edit('45')
11 SYSTEMPATH\CodeIgniter.php(507): CodeIgniter\CodeIgniter->runController(Object(App\Controllers\FamilyController))
12 SYSTEMPATH\CodeIgniter.php(354): CodeIgniter\CodeIgniter->handleRequest(null, Object(Config\Cache), false)
13 SYSTEMPATH\Boot.php(334): CodeIgniter\CodeIgniter->run()
14 SYSTEMPATH\Boot.php(67): CodeIgniter\Boot::runCodeIgniter(Object(CodeIgniter\CodeIgniter))
15 FCPATH\index.php(56): CodeIgniter\Boot::bootWeb(Object(Config\Paths))
CRITICAL - 2026-03-14 05:27:52 --> ErrorException: Undefined array key "baptism_date"
[Method: GET, Route: family/edit/45]
in APPPATH\Views\family\layouts\edit.php on line 168.
 1 APPPATH\Views\family\layouts\edit.php(168): CodeIgniter\Debug\Exceptions->errorHandler(2, 'Undefined array key "baptism_date"', 'C:\\xampp\\htdocs\\churchapp\\app\\Views\\family\\layouts\\edit.php', 168)
 2 SYSTEMPATH\View\View.php(224): include('C:\\xampp\\htdocs\\churchapp\\app\\Views\\family\\layouts\\edit.php')
 3 SYSTEMPATH\View\View.php(227): CodeIgniter\View\View->CodeIgniter\View\{closure}()
 4 SYSTEMPATH\View\View.php(475): CodeIgniter\View\View->render('family/layouts/edit', null, true)
 5 APPPATH\Views\family\edit.php(6): CodeIgniter\View\View->include('family/layouts/edit')
 6 SYSTEMPATH\View\View.php(224): include('C:\\xampp\\htdocs\\churchapp\\app\\Views\\family\\edit.php')
 7 SYSTEMPATH\View\View.php(227): CodeIgniter\View\View->CodeIgniter\View\{closure}()
 8 SYSTEMPATH\Common.php(1173): CodeIgniter\View\View->render('family/edit', [], true)
 9 APPPATH\Controllers\FamilyController.php(327): view('family/edit', [...])
10 SYSTEMPATH\CodeIgniter.php(933): App\Controllers\FamilyController->edit('45')
11 SYSTEMPATH\CodeIgniter.php(507): CodeIgniter\CodeIgniter->runController(Object(App\Controllers\FamilyController))
12 SYSTEMPATH\CodeIgniter.php(354): CodeIgniter\CodeIgniter->handleRequest(null, Object(Config\Cache), false)
13 SYSTEMPATH\Boot.php(334): CodeIgniter\CodeIgniter->run()
14 SYSTEMPATH\Boot.php(67): CodeIgniter\Boot::runCodeIgniter(Object(CodeIgniter\CodeIgniter))
15 FCPATH\index.php(56): CodeIgniter\Boot::bootWeb(Object(Config\Paths))
CRITICAL - 2026-03-14 05:27:53 --> ErrorException: Undefined array key "baptism_date"
[Method: GET, Route: family/edit/45]
in APPPATH\Views\family\layouts\edit.php on line 168.
 1 APPPATH\Views\family\layouts\edit.php(168): CodeIgniter\Debug\Exceptions->errorHandler(2, 'Undefined array key "baptism_date"', 'C:\\xampp\\htdocs\\churchapp\\app\\Views\\family\\layouts\\edit.php', 168)
 2 SYSTEMPATH\View\View.php(224): include('C:\\xampp\\htdocs\\churchapp\\app\\Views\\family\\layouts\\edit.php')
 3 SYSTEMPATH\View\View.php(227): CodeIgniter\View\View->CodeIgniter\View\{closure}()
 4 SYSTEMPATH\View\View.php(475): CodeIgniter\View\View->render('family/layouts/edit', null, true)
 5 APPPATH\Views\family\edit.php(6): CodeIgniter\View\View->include('family/layouts/edit')
 6 SYSTEMPATH\View\View.php(224): include('C:\\xampp\\htdocs\\churchapp\\app\\Views\\family\\edit.php')
 7 SYSTEMPATH\View\View.php(227): CodeIgniter\View\View->CodeIgniter\View\{closure}()
 8 SYSTEMPATH\Common.php(1173): CodeIgniter\View\View->render('family/edit', [], true)
 9 APPPATH\Controllers\FamilyController.php(327): view('family/edit', [...])
10 SYSTEMPATH\CodeIgniter.php(933): App\Controllers\FamilyController->edit('45')
11 SYSTEMPATH\CodeIgniter.php(507): CodeIgniter\CodeIgniter->runController(Object(App\Controllers\FamilyController))
12 SYSTEMPATH\CodeIgniter.php(354): CodeIgniter\CodeIgniter->handleRequest(null, Object(Config\Cache), false)
13 SYSTEMPATH\Boot.php(334): CodeIgniter\CodeIgniter->run()
14 SYSTEMPATH\Boot.php(67): CodeIgniter\Boot::runCodeIgniter(Object(CodeIgniter\CodeIgniter))
15 FCPATH\index.php(56): CodeIgniter\Boot::bootWeb(Object(Config\Paths))
CRITICAL - 2026-03-14 05:28:28 --> ParseError: syntax error, unexpected token ";"
[Method: GET, Route: family/edit/45]
in APPPATH\Views\family\layouts\edit.php on line 168.
 1 SYSTEMPATH\View\View.php(227): CodeIgniter\View\View->CodeIgniter\View\{closure}()
 2 SYSTEMPATH\View\View.php(475): CodeIgniter\View\View->render('family/layouts/edit', null, true)
 3 APPPATH\Views\family\edit.php(6): CodeIgniter\View\View->include('family/layouts/edit')
 4 SYSTEMPATH\View\View.php(224): include('C:\\xampp\\htdocs\\churchapp\\app\\Views\\family\\edit.php')
 5 SYSTEMPATH\View\View.php(227): CodeIgniter\View\View->CodeIgniter\View\{closure}()
 6 SYSTEMPATH\Common.php(1173): CodeIgniter\View\View->render('family/edit', [], true)
 7 APPPATH\Controllers\FamilyController.php(327): view('family/edit', [...])
 8 SYSTEMPATH\CodeIgniter.php(933): App\Controllers\FamilyController->edit('45')
 9 SYSTEMPATH\CodeIgniter.php(507): CodeIgniter\CodeIgniter->runController(Object(App\Controllers\FamilyController))
10 SYSTEMPATH\CodeIgniter.php(354): CodeIgniter\CodeIgniter->handleRequest(null, Object(Config\Cache), false)
11 SYSTEMPATH\Boot.php(334): CodeIgniter\CodeIgniter->run()
12 SYSTEMPATH\Boot.php(67): CodeIgniter\Boot::runCodeIgniter(Object(CodeIgniter\CodeIgniter))
13 FCPATH\index.php(56): CodeIgniter\Boot::bootWeb(Object(Config\Paths))
CRITICAL - 2026-03-14 05:28:30 --> ParseError: syntax error, unexpected token ";"
[Method: GET, Route: family/edit/45]
in APPPATH\Views\family\layouts\edit.php on line 168.
 1 SYSTEMPATH\View\View.php(227): CodeIgniter\View\View->CodeIgniter\View\{closure}()
 2 SYSTEMPATH\View\View.php(475): CodeIgniter\View\View->render('family/layouts/edit', null, true)
 3 APPPATH\Views\family\edit.php(6): CodeIgniter\View\View->include('family/layouts/edit')
 4 SYSTEMPATH\View\View.php(224): include('C:\\xampp\\htdocs\\churchapp\\app\\Views\\family\\edit.php')
 5 SYSTEMPATH\View\View.php(227): CodeIgniter\View\View->CodeIgniter\View\{closure}()
 6 SYSTEMPATH\Common.php(1173): CodeIgniter\View\View->render('family/edit', [], true)
 7 APPPATH\Controllers\FamilyController.php(327): view('family/edit', [...])
 8 SYSTEMPATH\CodeIgniter.php(933): App\Controllers\FamilyController->edit('45')
 9 SYSTEMPATH\CodeIgniter.php(507): CodeIgniter\CodeIgniter->runController(Object(App\Controllers\FamilyController))
10 SYSTEMPATH\CodeIgniter.php(354): CodeIgniter\CodeIgniter->handleRequest(null, Object(Config\Cache), false)
11 SYSTEMPATH\Boot.php(334): CodeIgniter\CodeIgniter->run()
12 SYSTEMPATH\Boot.php(67): CodeIgniter\Boot::runCodeIgniter(Object(CodeIgniter\CodeIgniter))
13 FCPATH\index.php(56): CodeIgniter\Boot::bootWeb(Object(Config\Paths))
CRITICAL - 2026-03-14 05:29:58 --> ErrorException: Undefined array key "baptism_date"
[Method: GET, Route: family/edit/45]
in APPPATH\Views\family\layouts\edit.php on line 166.
 1 APPPATH\Views\family\layouts\edit.php(166): CodeIgniter\Debug\Exceptions->errorHandler(2, 'Undefined array key "baptism_date"', 'C:\\xampp\\htdocs\\churchapp\\app\\Views\\family\\layouts\\edit.php', 166)
 2 SYSTEMPATH\View\View.php(224): include('C:\\xampp\\htdocs\\churchapp\\app\\Views\\family\\layouts\\edit.php')
 3 SYSTEMPATH\View\View.php(227): CodeIgniter\View\View->CodeIgniter\View\{closure}()
 4 SYSTEMPATH\View\View.php(475): CodeIgniter\View\View->render('family/layouts/edit', null, true)
 5 APPPATH\Views\family\edit.php(6): CodeIgniter\View\View->include('family/layouts/edit')
 6 SYSTEMPATH\View\View.php(224): include('C:\\xampp\\htdocs\\churchapp\\app\\Views\\family\\edit.php')
 7 SYSTEMPATH\View\View.php(227): CodeIgniter\View\View->CodeIgniter\View\{closure}()
 8 SYSTEMPATH\Common.php(1173): CodeIgniter\View\View->render('family/edit', [], true)
 9 APPPATH\Controllers\FamilyController.php(327): view('family/edit', [...])
10 SYSTEMPATH\CodeIgniter.php(933): App\Controllers\FamilyController->edit('45')
11 SYSTEMPATH\CodeIgniter.php(507): CodeIgniter\CodeIgniter->runController(Object(App\Controllers\FamilyController))
12 SYSTEMPATH\CodeIgniter.php(354): CodeIgniter\CodeIgniter->handleRequest(null, Object(Config\Cache), false)
13 SYSTEMPATH\Boot.php(334): CodeIgniter\CodeIgniter->run()
14 SYSTEMPATH\Boot.php(67): CodeIgniter\Boot::runCodeIgniter(Object(CodeIgniter\CodeIgniter))
15 FCPATH\index.php(56): CodeIgniter\Boot::bootWeb(Object(Config\Paths))
CRITICAL - 2026-03-14 05:34:02 --> ErrorException: Undefined array key "baptism_date"
[Method: GET, Route: family/edit/45]
in APPPATH\Views\family\layouts\edit.php on line 169.
 1 APPPATH\Views\family\layouts\edit.php(169): CodeIgniter\Debug\Exceptions->errorHandler(2, 'Undefined array key "baptism_date"', 'C:\\xampp\\htdocs\\churchapp\\app\\Views\\family\\layouts\\edit.php', 169)
 2 SYSTEMPATH\View\View.php(224): include('C:\\xampp\\htdocs\\churchapp\\app\\Views\\family\\layouts\\edit.php')
 3 SYSTEMPATH\View\View.php(227): CodeIgniter\View\View->CodeIgniter\View\{closure}()
 4 SYSTEMPATH\View\View.php(475): CodeIgniter\View\View->render('family/layouts/edit', null, true)
 5 APPPATH\Views\family\edit.php(6): CodeIgniter\View\View->include('family/layouts/edit')
 6 SYSTEMPATH\View\View.php(224): include('C:\\xampp\\htdocs\\churchapp\\app\\Views\\family\\edit.php')
 7 SYSTEMPATH\View\View.php(227): CodeIgniter\View\View->CodeIgniter\View\{closure}()
 8 SYSTEMPATH\Common.php(1173): CodeIgniter\View\View->render('family/edit', [], true)
 9 APPPATH\Controllers\FamilyController.php(327): view('family/edit', [...])
10 SYSTEMPATH\CodeIgniter.php(933): App\Controllers\FamilyController->edit('45')
11 SYSTEMPATH\CodeIgniter.php(507): CodeIgniter\CodeIgniter->runController(Object(App\Controllers\FamilyController))
12 SYSTEMPATH\CodeIgniter.php(354): CodeIgniter\CodeIgniter->handleRequest(null, Object(Config\Cache), false)
13 SYSTEMPATH\Boot.php(334): CodeIgniter\CodeIgniter->run()
14 SYSTEMPATH\Boot.php(67): CodeIgniter\Boot::runCodeIgniter(Object(CodeIgniter\CodeIgniter))
15 FCPATH\index.php(56): CodeIgniter\Boot::bootWeb(Object(Config\Paths))
CRITICAL - 2026-03-14 05:37:10 --> ErrorException: Undefined array key "baptism_date"
[Method: GET, Route: family/edit/45]
in APPPATH\Views\family\layouts\edit.php on line 169.
 1 APPPATH\Views\family\layouts\edit.php(169): CodeIgniter\Debug\Exceptions->errorHandler(2, 'Undefined array key "baptism_date"', 'C:\\xampp\\htdocs\\churchapp\\app\\Views\\family\\layouts\\edit.php', 169)
 2 SYSTEMPATH\View\View.php(224): include('C:\\xampp\\htdocs\\churchapp\\app\\Views\\family\\layouts\\edit.php')
 3 SYSTEMPATH\View\View.php(227): CodeIgniter\View\View->CodeIgniter\View\{closure}()
 4 SYSTEMPATH\View\View.php(475): CodeIgniter\View\View->render('family/layouts/edit', null, true)
 5 APPPATH\Views\family\edit.php(6): CodeIgniter\View\View->include('family/layouts/edit')
 6 SYSTEMPATH\View\View.php(224): include('C:\\xampp\\htdocs\\churchapp\\app\\Views\\family\\edit.php')
 7 SYSTEMPATH\View\View.php(227): CodeIgniter\View\View->CodeIgniter\View\{closure}()
 8 SYSTEMPATH\Common.php(1173): CodeIgniter\View\View->render('family/edit', [], true)
 9 APPPATH\Controllers\FamilyController.php(329): view('family/edit', [...])
10 SYSTEMPATH\CodeIgniter.php(933): App\Controllers\FamilyController->edit('45')
11 SYSTEMPATH\CodeIgniter.php(507): CodeIgniter\CodeIgniter->runController(Object(App\Controllers\FamilyController))
12 SYSTEMPATH\CodeIgniter.php(354): CodeIgniter\CodeIgniter->handleRequest(null, Object(Config\Cache), false)
13 SYSTEMPATH\Boot.php(334): CodeIgniter\CodeIgniter->run()
14 SYSTEMPATH\Boot.php(67): CodeIgniter\Boot::runCodeIgniter(Object(CodeIgniter\CodeIgniter))
15 FCPATH\index.php(56): CodeIgniter\Boot::bootWeb(Object(Config\Paths))
ERROR - 2026-03-14 05:42:23 --> mysqli_sql_exception: Unknown column 'baptism_date' in 'field list' in C:\xampp\htdocs\churchapp\system\Database\MySQLi\Connection.php:327
Stack trace:
#0 C:\xampp\htdocs\churchapp\system\Database\MySQLi\Connection.php(327): mysqli->query('INSERT INTO `fa...', 0)
#1 C:\xampp\htdocs\churchapp\system\Database\BaseConnection.php(738): CodeIgniter\Database\MySQLi\Connection->execute('INSERT INTO `fa...')
#2 C:\xampp\htdocs\churchapp\system\Database\BaseConnection.php(652): CodeIgniter\Database\BaseConnection->simpleQuery('INSERT INTO `fa...')
#3 C:\xampp\htdocs\churchapp\system\Database\BaseBuilder.php(2345): CodeIgniter\Database\BaseConnection->query('INSERT INTO `fa...', Array, false)
#4 C:\xampp\htdocs\churchapp\system\Model.php(394): CodeIgniter\Database\BaseBuilder->insert()
#5 C:\xampp\htdocs\churchapp\system\BaseModel.php(839): CodeIgniter\Model->doInsert(Array)
#6 C:\xampp\htdocs\churchapp\system\Model.php(800): CodeIgniter\BaseModel->insert(Array, true)
#7 C:\xampp\htdocs\churchapp\app\Controllers\FamilyController.php(435): CodeIgniter\Model->insert(Array)
#8 C:\xampp\htdocs\churchapp\system\CodeIgniter.php(933): App\Controllers\FamilyController->update('45')
#9 C:\xampp\htdocs\churchapp\system\CodeIgniter.php(507): CodeIgniter\CodeIgniter->runController(Object(App\Controllers\FamilyController))
#10 C:\xampp\htdocs\churchapp\system\CodeIgniter.php(354): CodeIgniter\CodeIgniter->handleRequest(NULL, Object(Config\Cache), false)
#11 C:\xampp\htdocs\churchapp\system\Boot.php(334): CodeIgniter\CodeIgniter->run()
#12 C:\xampp\htdocs\churchapp\system\Boot.php(67): CodeIgniter\Boot::runCodeIgniter(Object(CodeIgniter\CodeIgniter))
#13 C:\xampp\htdocs\churchapp\index.php(56): CodeIgniter\Boot::bootWeb(Object(Config\Paths))
#14 {main}
CRITICAL - 2026-03-14 05:42:23 --> CodeIgniter\Database\Exceptions\DatabaseException: Unknown column 'baptism_date' in 'field list'
[Method: POST, Route: family/update/45]
in SYSTEMPATH\Database\BaseConnection.php on line 692.
 1 SYSTEMPATH\Database\BaseBuilder.php(2345): CodeIgniter\Database\BaseConnection->query('INSERT INTO `family_members` (`full_name`, `relation_to_head`, `date_of_birth`, `baptism_date`, `feast`, `gender`, `job`, `education`, `phonenumber`, `current_status`, `family_id`) VALUES (:full_name:, :relation_to_head:, :date_of_birth:, :baptism_date:, :feast:, :gender:, :job:, :education:, :phonenumber:, :current_status:, :family_id.1:)', [...], false)
 2 SYSTEMPATH\Model.php(394): CodeIgniter\Database\BaseBuilder->insert()
 3 SYSTEMPATH\BaseModel.php(839): CodeIgniter\Model->doInsert([...])
 4 SYSTEMPATH\Model.php(800): CodeIgniter\BaseModel->insert([...], true)
 5 APPPATH\Controllers\FamilyController.php(435): CodeIgniter\Model->insert([...])
 6 SYSTEMPATH\CodeIgniter.php(933): App\Controllers\FamilyController->update('45')
 7 SYSTEMPATH\CodeIgniter.php(507): CodeIgniter\CodeIgniter->runController(Object(App\Controllers\FamilyController))
 8 SYSTEMPATH\CodeIgniter.php(354): CodeIgniter\CodeIgniter->handleRequest(null, Object(Config\Cache), false)
 9 SYSTEMPATH\Boot.php(334): CodeIgniter\CodeIgniter->run()
10 SYSTEMPATH\Boot.php(67): CodeIgniter\Boot::runCodeIgniter(Object(CodeIgniter\CodeIgniter))
11 FCPATH\index.php(56): CodeIgniter\Boot::bootWeb(Object(Config\Paths))
CRITICAL - 2026-03-14 05:42:23 --> [Caused by] CodeIgniter\Database\Exceptions\DatabaseException: Unknown column 'baptism_date' in 'field list'
in SYSTEMPATH\Database\MySQLi\Connection.php on line 332.
 1 SYSTEMPATH\Database\BaseConnection.php(738): CodeIgniter\Database\MySQLi\Connection->execute('INSERT INTO `family_members` (`full_name`, `relation_to_head`, `date_of_birth`, `baptism_date`, `feast`, `gender`, `job`, `education`, `phonenumber`, `current_status`, `family_id`) VALUES (\'ewfef\', \'Mother\', \'\', \'2026-03-03\', \'\', \'female\', \'\', \'\', \'\', \'\', \'45\')')
 2 SYSTEMPATH\Database\BaseConnection.php(652): CodeIgniter\Database\BaseConnection->simpleQuery('INSERT INTO `family_members` (`full_name`, `relation_to_head`, `date_of_birth`, `baptism_date`, `feast`, `gender`, `job`, `education`, `phonenumber`, `current_status`, `family_id`) VALUES (\'ewfef\', \'Mother\', \'\', \'2026-03-03\', \'\', \'female\', \'\', \'\', \'\', \'\', \'45\')')
 3 SYSTEMPATH\Database\BaseBuilder.php(2345): CodeIgniter\Database\BaseConnection->query('INSERT INTO `family_members` (`full_name`, `relation_to_head`, `date_of_birth`, `baptism_date`, `feast`, `gender`, `job`, `education`, `phonenumber`, `current_status`, `family_id`) VALUES (:full_name:, :relation_to_head:, :date_of_birth:, :baptism_date:, :feast:, :gender:, :job:, :education:, :phonenumber:, :current_status:, :family_id.1:)', [...], false)
 4 SYSTEMPATH\Model.php(394): CodeIgniter\Database\BaseBuilder->insert()
 5 SYSTEMPATH\BaseModel.php(839): CodeIgniter\Model->doInsert([...])
 6 SYSTEMPATH\Model.php(800): CodeIgniter\BaseModel->insert([...], true)
 7 APPPATH\Controllers\FamilyController.php(435): CodeIgniter\Model->insert([...])
 8 SYSTEMPATH\CodeIgniter.php(933): App\Controllers\FamilyController->update('45')
 9 SYSTEMPATH\CodeIgniter.php(507): CodeIgniter\CodeIgniter->runController(Object(App\Controllers\FamilyController))
10 SYSTEMPATH\CodeIgniter.php(354): CodeIgniter\CodeIgniter->handleRequest(null, Object(Config\Cache), false)
11 SYSTEMPATH\Boot.php(334): CodeIgniter\CodeIgniter->run()
12 SYSTEMPATH\Boot.php(67): CodeIgniter\Boot::runCodeIgniter(Object(CodeIgniter\CodeIgniter))
13 FCPATH\index.php(56): CodeIgniter\Boot::bootWeb(Object(Config\Paths))
CRITICAL - 2026-03-14 05:42:23 --> [Caused by] mysqli_sql_exception: Unknown column 'baptism_date' in 'field list'
in SYSTEMPATH\Database\MySQLi\Connection.php on line 327.
 1 SYSTEMPATH\Database\MySQLi\Connection.php(327): mysqli->query('INSERT INTO `family_members` (`full_name`, `relation_to_head`, `date_of_birth`, `baptism_date`, `feast`, `gender`, `job`, `education`, `phonenumber`, `current_status`, `family_id`) VALUES (\'ewfef\', \'Mother\', \'\', \'2026-03-03\', \'\', \'female\', \'\', \'\', \'\', \'\', \'45\')', 0)
 2 SYSTEMPATH\Database\BaseConnection.php(738): CodeIgniter\Database\MySQLi\Connection->execute('INSERT INTO `family_members` (`full_name`, `relation_to_head`, `date_of_birth`, `baptism_date`, `feast`, `gender`, `job`, `education`, `phonenumber`, `current_status`, `family_id`) VALUES (\'ewfef\', \'Mother\', \'\', \'2026-03-03\', \'\', \'female\', \'\', \'\', \'\', \'\', \'45\')')
 3 SYSTEMPATH\Database\BaseConnection.php(652): CodeIgniter\Database\BaseConnection->simpleQuery('INSERT INTO `family_members` (`full_name`, `relation_to_head`, `date_of_birth`, `baptism_date`, `feast`, `gender`, `job`, `education`, `phonenumber`, `current_status`, `family_id`) VALUES (\'ewfef\', \'Mother\', \'\', \'2026-03-03\', \'\', \'female\', \'\', \'\', \'\', \'\', \'45\')')
 4 SYSTEMPATH\Database\BaseBuilder.php(2345): CodeIgniter\Database\BaseConnection->query('INSERT INTO `family_members` (`full_name`, `relation_to_head`, `date_of_birth`, `baptism_date`, `feast`, `gender`, `job`, `education`, `phonenumber`, `current_status`, `family_id`) VALUES (:full_name:, :relation_to_head:, :date_of_birth:, :baptism_date:, :feast:, :gender:, :job:, :education:, :phonenumber:, :current_status:, :family_id.1:)', [...], false)
 5 SYSTEMPATH\Model.php(394): CodeIgniter\Database\BaseBuilder->insert()
 6 SYSTEMPATH\BaseModel.php(839): CodeIgniter\Model->doInsert([...])
 7 SYSTEMPATH\Model.php(800): CodeIgniter\BaseModel->insert([...], true)
 8 APPPATH\Controllers\FamilyController.php(435): CodeIgniter\Model->insert([...])
 9 SYSTEMPATH\CodeIgniter.php(933): App\Controllers\FamilyController->update('45')
10 SYSTEMPATH\CodeIgniter.php(507): CodeIgniter\CodeIgniter->runController(Object(App\Controllers\FamilyController))
11 SYSTEMPATH\CodeIgniter.php(354): CodeIgniter\CodeIgniter->handleRequest(null, Object(Config\Cache), false)
12 SYSTEMPATH\Boot.php(334): CodeIgniter\CodeIgniter->run()
13 SYSTEMPATH\Boot.php(67): CodeIgniter\Boot::runCodeIgniter(Object(CodeIgniter\CodeIgniter))
14 FCPATH\index.php(56): CodeIgniter\Boot::bootWeb(Object(Config\Paths))
CRITICAL - 2026-03-14 06:19:53 --> ArgumentCountError: Too few arguments to function App\Controllers\Home::updateFamily(), 0 passed in C:\xampp\htdocs\churchapp\system\CodeIgniter.php on line 933 and exactly 1 expected
[Method: POST, Route: update-family]
in APPPATH\Controllers\Home.php on line 629.
 1 SYSTEMPATH\CodeIgniter.php(933): App\Controllers\Home->updateFamily()
 2 SYSTEMPATH\CodeIgniter.php(507): CodeIgniter\CodeIgniter->runController(Object(App\Controllers\Home))
 3 SYSTEMPATH\CodeIgniter.php(354): CodeIgniter\CodeIgniter->handleRequest(null, Object(Config\Cache), false)
 4 SYSTEMPATH\Boot.php(334): CodeIgniter\CodeIgniter->run()
 5 SYSTEMPATH\Boot.php(67): CodeIgniter\Boot::runCodeIgniter(Object(CodeIgniter\CodeIgniter))
 6 FCPATH\index.php(56): CodeIgniter\Boot::bootWeb(Object(Config\Paths))
CRITICAL - 2026-03-14 06:27:19 --> ErrorException: Undefined variable $family
[Method: GET, Route: sitedashboard]
in APPPATH\Views\dashboard.php on line 93.
 1 APPPATH\Views\dashboard.php(93): CodeIgniter\Debug\Exceptions->errorHandler(2, 'Undefined variable $family', 'C:\\xampp\\htdocs\\churchapp\\app\\Views\\dashboard.php', 93)
 2 SYSTEMPATH\View\View.php(224): include('C:\\xampp\\htdocs\\churchapp\\app\\Views\\dashboard.php')
 3 SYSTEMPATH\View\View.php(227): CodeIgniter\View\View->CodeIgniter\View\{closure}()
 4 SYSTEMPATH\Common.php(1173): CodeIgniter\View\View->render('dashboard', [], true)
 5 APPPATH\Controllers\Home.php(159): view('dashboard', [...])
 6 SYSTEMPATH\CodeIgniter.php(933): App\Controllers\Home->dashboard()
 7 SYSTEMPATH\CodeIgniter.php(507): CodeIgniter\CodeIgniter->runController(Object(App\Controllers\Home))
 8 SYSTEMPATH\CodeIgniter.php(354): CodeIgniter\CodeIgniter->handleRequest(null, Object(Config\Cache), false)
 9 SYSTEMPATH\Boot.php(334): CodeIgniter\CodeIgniter->run()
10 SYSTEMPATH\Boot.php(67): CodeIgniter\Boot::runCodeIgniter(Object(CodeIgniter\CodeIgniter))
11 FCPATH\index.php(56): CodeIgniter\Boot::bootWeb(Object(Config\Paths))
ERROR - 2026-03-14 09:20:53 --> mysqli_sql_exception: Duplicate entry 'user_FAM-00048@placeholder.local' for key 'email' in C:\xampp\htdocs\churchapp\system\Database\MySQLi\Connection.php:327
Stack trace:
#0 C:\xampp\htdocs\churchapp\system\Database\MySQLi\Connection.php(327): mysqli->query('INSERT INTO `us...', 0)
#1 C:\xampp\htdocs\churchapp\system\Database\BaseConnection.php(738): CodeIgniter\Database\MySQLi\Connection->execute('INSERT INTO `us...')
#2 C:\xampp\htdocs\churchapp\system\Database\BaseConnection.php(652): CodeIgniter\Database\BaseConnection->simpleQuery('INSERT INTO `us...')
#3 C:\xampp\htdocs\churchapp\system\Database\BaseBuilder.php(2345): CodeIgniter\Database\BaseConnection->query('INSERT INTO `us...', Array, false)
#4 C:\xampp\htdocs\churchapp\system\Model.php(394): CodeIgniter\Database\BaseBuilder->insert()
#5 C:\xampp\htdocs\churchapp\system\BaseModel.php(839): CodeIgniter\Model->doInsert(Array)
#6 C:\xampp\htdocs\churchapp\system\Model.php(800): CodeIgniter\BaseModel->insert(Array, true)
#7 C:\xampp\htdocs\churchapp\app\Controllers\FamilyController.php(236): CodeIgniter\Model->insert(Array)
#8 C:\xampp\htdocs\churchapp\system\CodeIgniter.php(933): App\Controllers\FamilyController->store()
#9 C:\xampp\htdocs\churchapp\system\CodeIgniter.php(507): CodeIgniter\CodeIgniter->runController(Object(App\Controllers\FamilyController))
#10 C:\xampp\htdocs\churchapp\system\CodeIgniter.php(354): CodeIgniter\CodeIgniter->handleRequest(NULL, Object(Config\Cache), false)
#11 C:\xampp\htdocs\churchapp\system\Boot.php(334): CodeIgniter\CodeIgniter->run()
#12 C:\xampp\htdocs\churchapp\system\Boot.php(67): CodeIgniter\Boot::runCodeIgniter(Object(CodeIgniter\CodeIgniter))
#13 C:\xampp\htdocs\churchapp\index.php(56): CodeIgniter\Boot::bootWeb(Object(Config\Paths))
#14 {main}
ERROR - 2026-03-14 09:20:53 --> User email duplicate skipped: user_FAM-00048@placeholder.local
ERROR - 2026-03-14 09:21:32 --> mysqli_sql_exception: Duplicate entry 'user_FAM-00048@placeholder.local' for key 'email' in C:\xampp\htdocs\churchapp\system\Database\MySQLi\Connection.php:327
Stack trace:
#0 C:\xampp\htdocs\churchapp\system\Database\MySQLi\Connection.php(327): mysqli->query('INSERT INTO `us...', 0)
#1 C:\xampp\htdocs\churchapp\system\Database\BaseConnection.php(738): CodeIgniter\Database\MySQLi\Connection->execute('INSERT INTO `us...')
#2 C:\xampp\htdocs\churchapp\system\Database\BaseConnection.php(652): CodeIgniter\Database\BaseConnection->simpleQuery('INSERT INTO `us...')
#3 C:\xampp\htdocs\churchapp\system\Database\BaseBuilder.php(2345): CodeIgniter\Database\BaseConnection->query('INSERT INTO `us...', Array, false)
#4 C:\xampp\htdocs\churchapp\system\Model.php(394): CodeIgniter\Database\BaseBuilder->insert()
#5 C:\xampp\htdocs\churchapp\system\BaseModel.php(839): CodeIgniter\Model->doInsert(Array)
#6 C:\xampp\htdocs\churchapp\system\Model.php(800): CodeIgniter\BaseModel->insert(Array, true)
#7 C:\xampp\htdocs\churchapp\app\Controllers\FamilyController.php(236): CodeIgniter\Model->insert(Array)
#8 C:\xampp\htdocs\churchapp\system\CodeIgniter.php(933): App\Controllers\FamilyController->store()
#9 C:\xampp\htdocs\churchapp\system\CodeIgniter.php(507): CodeIgniter\CodeIgniter->runController(Object(App\Controllers\FamilyController))
#10 C:\xampp\htdocs\churchapp\system\CodeIgniter.php(354): CodeIgniter\CodeIgniter->handleRequest(NULL, Object(Config\Cache), false)
#11 C:\xampp\htdocs\churchapp\system\Boot.php(334): CodeIgniter\CodeIgniter->run()
#12 C:\xampp\htdocs\churchapp\system\Boot.php(67): CodeIgniter\Boot::runCodeIgniter(Object(CodeIgniter\CodeIgniter))
#13 C:\xampp\htdocs\churchapp\index.php(56): CodeIgniter\Boot::bootWeb(Object(Config\Paths))
#14 {main}
ERROR - 2026-03-14 09:21:32 --> User email duplicate skipped: user_FAM-00048@placeholder.local
